<?xml version="1.0" encoding="UTF-8"?>
<!-- Generated by org.testng.reporters.JUnitReportReporter -->
<testsuite hostname="Admin-PC" failures="0" tests="1" name="Maven_Test.DummyTest" time="0.029" errors="0" timestamp="2022-12-12T17:59:48 IST" skipped="0">
  <testcase classname="Maven_Test.DummyTest" name="Dummy" time="0.029"/>
  <system-out/>
</testsuite> <!-- Maven_Test.DummyTest -->
